<?xml version="1.0" encoding="UTF-8"?>
<testng-results ignored="0" total="1" passed="1" failed="0" skipped="0">
  <reporter-output>
  </reporter-output>
  <suite started-at="2024-06-01T14:18:44 IST" name="Default suite" finished-at="2024-06-01T14:20:24 IST" duration-ms="99696">
    <groups>
    </groups>
    <test started-at="2024-06-01T14:18:44 IST" name="Default test" finished-at="2024-06-01T14:20:24 IST" duration-ms="99696">
      <class name="com.ShoppersStack.testScripts.Verify_user_is_able_to_add_address_or_not_Test">
        <test-method is-config="true" signature="beforesuite()[pri:0, instance:com.ShoppersStack.testScripts.Verify_user_is_able_to_add_address_or_not_Test@4c12331b]" started-at="2024-06-01T14:18:44 IST" name="beforesuite" finished-at="2024-06-01T14:18:44 IST" duration-ms="14" status="PASS">
          <reporter-output>
          </reporter-output>
        </test-method> <!-- beforesuite -->
        <test-method is-config="true" signature="beforetest()[pri:0, instance:com.ShoppersStack.testScripts.Verify_user_is_able_to_add_address_or_not_Test@4c12331b]" started-at="2024-06-01T14:18:44 IST" name="beforetest" finished-at="2024-06-01T14:18:44 IST" duration-ms="259" status="PASS">
          <reporter-output>
          </reporter-output>
        </test-method> <!-- beforetest -->
        <test-method is-config="true" signature="beforeclass()[pri:0, instance:com.ShoppersStack.testScripts.Verify_user_is_able_to_add_address_or_not_Test@4c12331b]" started-at="2024-06-01T14:18:45 IST" name="beforeclass" finished-at="2024-06-01T14:18:55 IST" duration-ms="10291" status="PASS">
          <reporter-output>
          </reporter-output>
        </test-method> <!-- beforeclass -->
        <test-method is-config="true" signature="beforemethod()[pri:0, instance:com.ShoppersStack.testScripts.Verify_user_is_able_to_add_address_or_not_Test@4c12331b]" started-at="2024-06-01T14:18:55 IST" name="beforemethod" finished-at="2024-06-01T14:20:02 IST" duration-ms="66860" status="PASS">
          <reporter-output>
          </reporter-output>
        </test-method> <!-- beforemethod -->
        <test-method signature="addAddress()[pri:0, instance:com.ShoppersStack.testScripts.Verify_user_is_able_to_add_address_or_not_Test@4c12331b]" started-at="2024-06-01T14:20:02 IST" name="addAddress" finished-at="2024-06-01T14:20:10 IST" duration-ms="8612" status="PASS">
          <reporter-output>
          </reporter-output>
        </test-method> <!-- addAddress -->
        <test-method is-config="true" signature="aftermethod()[pri:0, instance:com.ShoppersStack.testScripts.Verify_user_is_able_to_add_address_or_not_Test@4c12331b]" started-at="2024-06-01T14:20:10 IST" name="aftermethod" finished-at="2024-06-01T14:20:19 IST" duration-ms="9049" status="PASS">
          <reporter-output>
          </reporter-output>
        </test-method> <!-- aftermethod -->
        <test-method is-config="true" signature="afterclass()[pri:0, instance:com.ShoppersStack.testScripts.Verify_user_is_able_to_add_address_or_not_Test@4c12331b]" started-at="2024-06-01T14:20:19 IST" name="afterclass" finished-at="2024-06-01T14:20:23 IST" duration-ms="3646" status="PASS">
          <reporter-output>
          </reporter-output>
        </test-method> <!-- afterclass -->
        <test-method is-config="true" signature="aftertest()[pri:0, instance:com.ShoppersStack.testScripts.Verify_user_is_able_to_add_address_or_not_Test@4c12331b]" started-at="2024-06-01T14:20:23 IST" name="aftertest" finished-at="2024-06-01T14:20:24 IST" duration-ms="913" status="PASS">
          <reporter-output>
          </reporter-output>
        </test-method> <!-- aftertest -->
        <test-method is-config="true" signature="aftersuite()[pri:0, instance:com.ShoppersStack.testScripts.Verify_user_is_able_to_add_address_or_not_Test@4c12331b]" started-at="2024-06-01T14:20:24 IST" name="aftersuite" finished-at="2024-06-01T14:20:24 IST" duration-ms="15" status="PASS">
          <reporter-output>
          </reporter-output>
        </test-method> <!-- aftersuite -->
      </class> <!-- com.ShoppersStack.testScripts.Verify_user_is_able_to_add_address_or_not_Test -->
    </test> <!-- Default test -->
  </suite> <!-- Default suite -->
</testng-results>
